<?xml version="1.0" encoding="utf-8"?><testsuites name="pytest tests"><testsuite name="pytest" errors="0" failures="0" skipped="0" tests="126" time="17.757" timestamp="2026-08-01T02:19:00.221459-05:00" hostname="Rig01"><testcase classname="tests.api.test_control_plane" name="test_route_registration_and_snapshot" time="0.268" /><testcase classname="tests.api.test_control_plane" name="test_route_probe_is_persisted_in_snapshot" time="0.127" /><testcase classname="tests.api.test_control_plane" name="test_snapshot_exposes_release_platform_support" time="0.130" /><testcase classname="tests.api.test_core_modes" name="test_pause_blocks_new_turns_but_control_plane_remains_available" time="0.154" /><testcase classname="tests.api.test_core_modes" name="test_mode_commands_are_idempotent" time="0.114" /><testcase classname="tests.api.test_core_modes" name="test_safe_mode_blocks_tool_bearing_turn" time="0.144" /><testcase classname="tests.api.test_data_plane" name="test_authentication_is_required" time="0.130" /><testcase classname="tests.api.test_data_plane" name="test_non_streaming_responses_round_trip" time="0.133" /><testcase classname="tests.api.test_data_plane" name="test_streaming_responses_have_setup_delta_and_one_terminal" time="0.143" /><testcase classname="tests.api.test_data_plane" name="test_chat_completions_stream_ends_with_done" time="0.157" /><testcase classname="tests.api.test_data_plane" name="test_tool_requirement_is_blocked_before_dispatch" time="0.140" /><testcase classname="tests.api.test_data_plane" name="test_context_overflow_is_visible_and_not_compacted" time="0.148" /><testcase classname="tests.api.test_data_plane" name="test_readiness_exposes_platform_support" time="0.124" /><testcase classname="tests.contract.test_capability_and_cost" name="test_declared_capability_does_not_pass_verified_gate" time="0.001" /><testcase classname="tests.contract.test_capability_and_cost" name="test_unknown_and_unpriced_local_cost_are_not_zero" time="0.001" /><testcase classname="tests.contract.test_capability_and_cost" name="test_cost_math_keeps_cached_rate_separate" time="0.001" /><testcase classname="tests.contract.test_client_fixture_capture" name="test_streaming_responses_capture_sanitized_replayable_fixture" time="0.151" /><testcase classname="tests.contract.test_client_fixture_capture" name="test_streaming_capture_promotes_before_terminal_chunk_is_yielded" time="0.136" /><testcase classname="tests.contract.test_client_fixture_capture" name="test_non_streaming_responses_capture_sanitized_replayable_fixture" time="0.166" /><testcase classname="tests.contract.test_client_fixture_capture" name="test_capture_profile_filter_and_byte_limit" time="0.002" /><testcase classname="tests.contract.test_client_fixture_capture" name="test_capture_rejection_does_not_perturb_client_stream" time="0.156" /><testcase classname="tests.contract.test_client_fixture_capture" name="test_fixture_replay_rejects_tampered_response_bytes" time="0.164" /><testcase classname="tests.contract.test_client_fixture_capture" name="test_fixture_replay_rejects_disagreement_between_request_object_and_bytes" time="0.169" /><testcase classname="tests.contract.test_client_profiles" name="test_responses_incremental_input_with_previous_response" time="0.001" /><testcase classname="tests.contract.test_client_profiles" name="test_chat_normalizer_retains_assistant_tool_calls" time="0.001" /><testcase classname="tests.contract.test_codex_compatibility" name="test_type_only_codex_tool_uses_type_as_stable_name" time="0.001" /><testcase classname="tests.contract.test_codex_compatibility" name="test_top_level_codex_function_call_replay_is_canonical" time="0.001" /><testcase classname="tests.contract.test_codex_compatibility" name="test_terminal_responses_encoding_commits_output_item_before_response" time="0.001" /><testcase classname="tests.contract.test_codex_desktop_shim" name="test_forwards_non_app_server_invocation_and_exit_code" time="1.187" /><testcase classname="tests.contract.test_codex_desktop_shim" name="test_proxy_injects_picker_model_and_isolates_thread_config" time="1.136" /><testcase classname="tests.contract.test_codex_desktop_shim" name="test_paginated_model_list_is_not_modified" time="1.129" /><testcase classname="tests.contract.test_codex_desktop_shim" name="test_model_less_resume_uses_observed_thread_provider_without_hijacking_native" time="1.141" /><testcase classname="tests.contract.test_codex_desktop_shim" name="test_invalid_exoframe_config_fails_closed" time="1.043" /><testcase classname="tests.contract.test_codex_stateless_tool_loop" name="test_stateless_codex_replay_resumes_gemini_tool_loop" time="0.158" /><testcase classname="tests.contract.test_codex_stateless_tool_loop" name="test_codex_full_replay_ignores_completed_results_when_resolving_new_loop" time="0.212" /><testcase classname="tests.contract.test_control_pipe_protocol" name="test_authenticated_pipe_dispatches_authoritative_snapshot" time="0.081" /><testcase classname="tests.contract.test_control_pipe_protocol" name="test_pipe_rejects_invalid_server_authentication" time="0.081" /><testcase classname="tests.contract.test_control_pipe_protocol" name="test_pipe_rejects_server_process_mismatch" time="0.057" /><testcase classname="tests.contract.test_control_pipe_protocol" name="test_frame_bounds_are_enforced_before_payload_read" time="0.001" /><testcase classname="tests.contract.test_control_pipe_protocol" name="test_control_pipe_settings_are_loaded_from_environment" time="0.001" /><testcase classname="tests.contract.test_control_pipe_protocol" name="test_windows_settings_derive_a_restart_stable_control_pipe" time="0.001" /><testcase classname="tests.contract.test_control_rpc" name="test_handshake_pins_protocol_and_supported_methods" time="0.085" /><testcase classname="tests.contract.test_control_rpc" name="test_snapshot_uses_the_authoritative_service_projection" time="0.060" /><testcase classname="tests.contract.test_control_rpc" name="test_invalid_request_and_unknown_method_are_distinct" time="0.076" /><testcase classname="tests.contract.test_control_rpc" name="test_invalid_params_are_typed_without_dispatch" time="0.080" /><testcase classname="tests.contract.test_control_rpc" name="test_domain_error_preserves_exoframe_code_and_stage" time="0.068" /><testcase classname="tests.contract.test_control_rpc" name="test_route_commit_receipt_remains_idempotent" time="0.092" /><testcase classname="tests.contract.test_ecx_contract" name="test_ecx_turn_round_trip_preserves_schema_alias" time="0.001" /><testcase classname="tests.contract.test_ecx_contract" name="test_terminal_event_classification_is_explicit" time="0.001" /><testcase classname="tests.contract.test_gemini_json_schema" name="test_gemini_function_declaration_uses_full_json_schema_field" time="0.001" /><testcase classname="tests.contract.test_gemini_native_adapter" name="test_native_stream_preserves_function_id_and_thought_signature" time="0.003" /><testcase classname="tests.contract.test_gemini_native_adapter" name="test_renderer_returns_exact_signature_id_and_function_response" time="0.001" /><testcase classname="tests.contract.test_gemini_native_adapter" name="test_renderer_marks_foreign_tool_history_with_documented_dummy_signature" time="0.001" /><testcase classname="tests.contract.test_gemini_native_adapter" name="test_renderer_rejects_unattributed_missing_gemini_signature" time="0.001" /><testcase classname="tests.contract.test_gemini_native_adapter" name="test_service_roundtrip_circulates_gemini_provider_state" time="0.151" /><testcase classname="tests.contract.test_mind_field_delivery" name="test_mind_producer_contract_vector_is_consumed_unchanged" time="0.001" /><testcase classname="tests.contract.test_mind_field_delivery" name="test_compiled_mind_field_rejects_any_unbound_or_extra_bytes[&lt;lambda&gt;0]" time="0.001" /><testcase classname="tests.contract.test_mind_field_delivery" name="test_compiled_mind_field_rejects_any_unbound_or_extra_bytes[&lt;lambda&gt;1]" time="0.001" /><testcase classname="tests.contract.test_mind_field_delivery" name="test_compiled_mind_field_rejects_any_unbound_or_extra_bytes[&lt;lambda&gt;2]" time="0.001" /><testcase classname="tests.contract.test_mind_field_delivery" name="test_compiled_mind_field_rejects_any_unbound_or_extra_bytes[&lt;lambda&gt;3]" time="0.001" /><testcase classname="tests.contract.test_mind_field_delivery" name="test_compiled_mind_field_rejects_any_unbound_or_extra_bytes[&lt;lambda&gt;4]" time="0.001" /><testcase classname="tests.contract.test_mind_field_delivery" name="test_compiled_mind_field_rejects_any_unbound_or_extra_bytes[&lt;lambda&gt;5]" time="0.001" /><testcase classname="tests.contract.test_mind_field_delivery" name="test_mind_field_is_transient_and_captured_before_adapter_dispatch" time="0.130" /><testcase classname="tests.contract.test_mind_field_delivery" name="test_all_renderers_preserve_the_exact_transient_text[responses]" time="0.072" /><testcase classname="tests.contract.test_mind_field_delivery" name="test_all_renderers_preserve_the_exact_transient_text[chat_completions]" time="0.094" /><testcase classname="tests.contract.test_mind_field_delivery" name="test_all_renderers_preserve_the_exact_transient_text[gemini_generate_content]" time="0.071" /><testcase classname="tests.contract.test_mind_field_delivery" name="test_safe_mode_declines_field_before_any_state_change" time="0.078" /><testcase classname="tests.contract.test_openai_adapter_tools" name="test_responses_tool_stream_becomes_complete_canonical_call" time="0.003" /><testcase classname="tests.contract.test_openai_adapter_tools" name="test_chat_tool_fragments_keep_one_call_identity" time="0.003" /><testcase classname="tests.contract.test_openai_reasoning_rendering" name="test_responses_reasoning_effort_uses_nested_reasoning_object" time="0.002" /><testcase classname="tests.contract.test_openai_reasoning_rendering" name="test_chat_completions_reasoning_effort_retains_legacy_field" time="0.002" /><testcase classname="tests.contract.test_packaged_core" name="test_source_worker_uses_python_module_entrypoint" time="0.001" /><testcase classname="tests.contract.test_packaged_core" name="test_frozen_worker_reenters_packaged_executable_without_recursing_core" time="0.001" /><testcase classname="tests.contract.test_packaged_core" name="test_windowless_frozen_runtime_replaces_absent_standard_streams" time="0.001" /><testcase classname="tests.contract.test_platform_support" name="test_windows_10_22h2_x64_is_supported" time="0.001" /><testcase classname="tests.contract.test_platform_support" name="test_windows_10_before_22h2_is_not_supported" time="0.001" /><testcase classname="tests.contract.test_platform_support" name="test_windows_11_x64_remains_supported" time="0.001" /><testcase classname="tests.contract.test_platform_support" name="test_32_bit_windows_and_windows_server_are_not_release_targets" time="0.001" /><testcase classname="tests.contract.test_platform_support" name="test_non_windows_runtime_is_explicitly_development_only" time="0.001" /><testcase classname="tests.contract.test_platform_support" name="test_tauri_installer_declares_windows_10_safe_webview_bootstrap" time="0.001" /><testcase classname="tests.contract.test_shell_release_workflow" name="test_windows_shell_artifact_is_a_tauri_nsis_installer" time="0.001" /><testcase classname="tests.contract.test_shell_release_workflow" name="test_tauri_nsis_bundle_embeds_core_for_current_user_install" time="0.001" /><testcase classname="tests.contract.test_shell_release_workflow" name="test_tauri_installer_registers_and_removes_per_user_startup" time="0.001" /><testcase classname="tests.contract.test_shell_release_workflow" name="test_shell_uses_credential_manager_and_detached_core_launch" time="0.001" /><testcase classname="tests.contract.test_shell_release_workflow" name="test_release_startup_failures_are_visible_and_sanitized" time="0.001" /><testcase classname="tests.contract.test_shell_release_workflow" name="test_flow_selector_distinguishes_identical_titles_by_authoritative_id" time="0.001" /><testcase classname="tests.contract.test_shell_release_workflow" name="test_codex_picker_installs_content_addressed_shim_side_by_side" time="0.001" /><testcase classname="tests.contract.test_shell_release_workflow" name="test_codex_picker_persists_and_rolls_back_codex_profile_identity" time="0.002" /><testcase classname="tests.contract.test_shell_release_workflow" name="test_packaged_core_build_is_windows_onefile_and_tauri_addressable" time="0.001" /><testcase classname="tests.contract.test_testforge_validators" name="test_observed_execution_is_valid_without_a_process_exit_code" time="0.264" /><testcase classname="tests.contract.test_testforge_validators" name="test_observed_execution_rejects_a_process_exit_code" time="0.136" /><testcase classname="tests.contract.test_tool_identity" name="test_tool_alias_is_reversible_and_schema_bound" time="0.001" /><testcase classname="tests.contract.test_tool_identity" name="test_projection_uses_provider_alias_not_untrusted_client_name" time="0.001" /><testcase classname="tests.contract.test_tool_roundtrip" name="test_tool_result_resumes_original_route_lease_and_then_applies_pending_switch" time="0.180" /><testcase classname="tests.contract.test_tool_roundtrip" name="test_unknown_tool_result_is_rejected_without_route_switch" time="0.126" /><testcase classname="tests.integration.test_adapter_worker" name="test_worker_process_streams_canonical_events" time="2.038" /><testcase classname="tests.reliability.test_cancellation" name="test_live_stream_cancel_is_one_terminal_event" time="0.074" /><testcase classname="tests.reliability.test_cancellation" name="test_cancel_before_stream_start_is_claimed_when_stream_registers" time="0.094" /><testcase classname="tests.reliability.test_cancellation" name="test_delete_response_queues_cancel_before_dispatch" time="0.119" /><testcase classname="tests.reliability.test_cancellation" name="test_supervised_worker_cancels_active_request" time="1.930" /><testcase classname="tests.reliability.test_partial_stream_failure" name="test_partial_output_failure_is_terminal_and_not_retried" time="0.107" /><testcase classname="tests.security.test_credential_vault" name="test_core_resolves_vault_secret_only_for_dispatch" time="0.118" /><testcase classname="tests.security.test_credential_vault" name="test_route_rejects_dual_credential_sources" time="0.001" /><testcase classname="tests.security.test_profile_isolation" name="test_response_ids_are_isolated_by_client_profile" time="0.134" /><testcase classname="tests.security.test_profile_isolation" name="test_duplicate_profile_tokens_are_rejected" time="0.064" /><testcase classname="tests.security.test_profile_isolation" name="test_control_token_cannot_equal_client_token" time="0.083" /><testcase classname="tests.security.test_profile_isolation" name="test_environment_settings_require_explicit_tokens" time="0.003" /><testcase classname="tests.security.test_profile_isolation" name="test_environment_settings_require_explicit_non_windows_key_fallback" time="0.003" /><testcase classname="tests.security.test_profile_isolation" name="test_environment_primary_client_profile_defaults_to_generic" time="0.003" /><testcase classname="tests.security.test_profile_isolation" name="test_environment_primary_client_profile_survives_fresh_settings_load" time="0.003" /><testcase classname="tests.security.test_record_encryption" name="test_message_content_is_encrypted_and_reopens_with_same_key" time="0.133" /><testcase classname="tests.security.test_record_encryption" name="test_ciphertext_tamper_fails_closed" time="0.068" /><testcase classname="tests.security.test_record_encryption" name="test_plaintext_spike_rows_are_reencrypted_on_restart" time="0.115" /><testcase classname="tests.security.test_route_secret_rejection" name="test_route_rejects_secret_like_metadata_headers" time="0.001" /><testcase classname="tests.security.test_route_secret_rejection" name="test_route_rejects_endpoint_userinfo_credentials" time="0.001" /><testcase classname="tests.security.test_route_secret_rejection" name="test_route_allows_credential_reference_without_value" time="0.001" /><testcase classname="tests.security.test_secret_redaction" name="test_snapshot_never_contains_credential_value" time="0.092" /><testcase classname="tests.security.test_secret_redaction" name="test_diagnostics_exclude_canonical_content_and_credential_names" time="0.212" /><testcase classname="tests.security.test_windows_platform_security" name="test_dpapi_current_user_round_trip" time="0.001" /><testcase classname="tests.state.test_flow_reconciliation" name="test_full_history_reuses_flow_then_branches_on_divergence" time="0.177" /><testcase classname="tests.state.test_recovery" name="test_restart_marks_dispatched_nonterminal_turn_interrupted" time="0.096" /><testcase classname="tests.state.test_route_authority" name="test_route_change_does_not_mutate_active_turn_lease" time="0.134" /><testcase classname="tests.state.test_route_authority" name="test_next_turn_pin_is_claimed_exactly_once" time="0.180" /><testcase classname="tests.state.test_route_authority" name="test_commit_is_idempotent_and_returns_original_revision" time="0.074" /><testcase classname="tests.state.test_route_authority" name="test_route_change_after_preview_invalidates_commit" time="0.089" /><testcase classname="tests.state.test_route_authority" name="test_unavailable_explicit_pin_does_not_silently_fallback" time="0.126" /></testsuite></testsuites>